<?xml version="1.0" encoding="UTF-8"?>
<!-- Generated by org.testng.reporters.JUnitReportReporter -->
<testsuite hostname="hana" failures="0" tests="1" name="forth.forth" time="1.215" errors="0" timestamp="2024-08-21T13:37:34 EEST" skipped="0">
  <testcase classname="forth.forth" name="userr" time="1.215"/>
</testsuite> <!-- forth.forth -->
