<?xml version="1.0" encoding="UTF-8"?>
<!-- Generated by org.testng.reporters.JUnitReportReporter -->
<testsuite hostname="hana" failures="0" tests="4" name="firstproj.httpRequest" time="3.161" errors="0" timestamp="2024-08-25T13:34:59 EEST" skipped="0">
  <testcase classname="firstproj.httpRequest" name="getusr" time="1.838"/>
  <testcase classname="firstproj.httpRequest" name="createusr" time="0.598"/>
  <testcase classname="firstproj.httpRequest" name="updateusr" time="0.369"/>
  <testcase classname="firstproj.httpRequest" name="deleteusr" time="0.356"/>
</testsuite> <!-- firstproj.httpRequest -->
