<?xml version="1.0" encoding="UTF-8"?>
<!-- Generated by org.testng.reporters.JUnitReportReporter -->
<testsuite hostname="hana" failures="0" tests="1" name="all_separate.create" time="8.634" errors="0" timestamp="2024-08-22T15:12:02 EEST" skipped="0">
  <testcase classname="all_separate.create" name="cuser" time="8.634"/>
</testsuite> <!-- all_separate.create -->
