<?xml version="1.0" encoding="UTF-8"?>
<!-- Generated by org.testng.reporters.JUnitReportReporter -->
<testsuite hostname="hana" failures="0" tests="1" name="third.third" time="2.553" errors="0" timestamp="2024-08-22T09:52:26 EEST" skipped="0">
  <testcase classname="third.third" name="createusr" time="2.553"/>
</testsuite> <!-- third.third -->
