<?xml version="1.0" encoding="UTF-8"?>
<!-- Generated by org.testng.reporters.JUnitReportReporter -->
<testsuite hostname="hana" failures="0" tests="1" name="second.sec" time="1.754" errors="0" timestamp="2024-08-21T12:26:01 EEST" skipped="0">
  <testcase classname="second.sec" name="getusr" time="1.754"/>
</testsuite> <!-- second.sec -->
