<?xml version="1.0" encoding="UTF-8"?>
<!-- Generated by org.testng.reporters.JUnitReportReporter -->
<testsuite hostname="hana" failures="0" tests="1" name="finalproj.OrderTest" time="8.622" errors="0" timestamp="2024-08-26T10:58:40 EEST" skipped="0">
  <testcase classname="finalproj.OrderTest" name="testCreateAndModifyOrder" time="8.622"/>
</testsuite> <!-- finalproj.OrderTest -->
