<?xml version="1.0" encoding="UTF-8"?>
<!-- Generated by org.testng.reporters.JUnitReportReporter -->
<testsuite hostname="hana" failures="0" tests="1" name="Pojo.Pojo" time="0.156" errors="0" timestamp="2024-08-22T12:20:43 EEST" skipped="0">
  <testcase classname="Pojo.Pojo" name="convertdeser" time="0.156"/>
</testsuite> <!-- Pojo.Pojo -->
